2023-11-10 09:50:15.840 [info] Extension host with pid 37379 started
2023-11-10 09:50:15.840 [info] Skipping acquiring lock for /home/pranavanand/.config/Code/User/workspaceStorage/01b92a1b476e86623541c0d57350e1eb.
2023-11-10 09:50:15.875 [info] ExtensionService#_doActivateExtension vscode.emmet, startup: false, activationEvent: 'onLanguage'
2023-11-10 09:50:15.881 [info] ExtensionService#_doActivateExtension vscode.css-language-features, startup: false, activationEvent: 'onLanguage:css'
2023-11-10 09:50:16.066 [info] ExtensionService#_doActivateExtension vscode.github-authentication, startup: false, activationEvent: 'onAuthenticationRequest:github'
2023-11-10 09:50:16.113 [info] ExtensionService#_doActivateExtension vscode.microsoft-authentication, startup: false, activationEvent: 'onAuthenticationRequest:microsoft'
2023-11-10 09:50:16.133 [info] ExtensionService#_doActivateExtension vscode.git-base, startup: true, activationEvent: '*', root cause: vscode.git
2023-11-10 09:50:16.138 [info] ExtensionService#_doActivateExtension vscode.git, startup: true, activationEvent: '*'
2023-11-10 09:50:16.155 [info] ExtensionService#_doActivateExtension vscode.github, startup: true, activationEvent: '*'
2023-11-10 09:50:16.187 [info] Eager extensions activated
2023-11-10 09:50:16.214 [info] ExtensionService#_doActivateExtension vscode.debug-auto-launch, startup: false, activationEvent: 'onStartupFinished'
2023-11-10 09:50:16.216 [info] ExtensionService#_doActivateExtension vscode.merge-conflict, startup: false, activationEvent: 'onStartupFinished'
2023-11-10 09:50:16.222 [info] ExtensionService#_doActivateExtension amazonwebservices.aws-toolkit-vscode, startup: false, activationEvent: 'onStartupFinished'
2023-11-10 09:50:19.485 [info] ExtensionService#_doActivateExtension vscode.json-language-features, startup: false, activationEvent: 'onLanguage:jsonc'
2023-11-10 09:50:19.508 [info] ExtensionService#_doActivateExtension vscode.typescript-language-features, startup: false, activationEvent: 'onLanguage:jsonc'
2023-11-10 09:51:38.762 [info] Extension host terminating: renderer closed the MessagePort
2023-11-10 09:51:39.559 [info] Extension host with pid 37503 started
2023-11-10 09:51:39.599 [info] ExtensionService#_doActivateExtension vscode.git-base, startup: true, activationEvent: '*', root cause: vscode.git
2023-11-10 09:51:39.605 [info] ExtensionService#_doActivateExtension vscode.git, startup: true, activationEvent: '*'
2023-11-10 09:51:39.627 [info] ExtensionService#_doActivateExtension vscode.github, startup: true, activationEvent: '*'
2023-11-10 09:51:39.680 [info] Eager extensions activated
2023-11-10 09:51:39.711 [info] ExtensionService#_doActivateExtension vscode.debug-auto-launch, startup: false, activationEvent: 'onStartupFinished'
2023-11-10 09:51:39.713 [info] ExtensionService#_doActivateExtension vscode.merge-conflict, startup: false, activationEvent: 'onStartupFinished'
2023-11-10 09:51:39.724 [info] ExtensionService#_doActivateExtension amazonwebservices.aws-toolkit-vscode, startup: false, activationEvent: 'onStartupFinished'
2023-11-10 09:51:40.515 [info] ExtensionService#_doActivateExtension vscode.github-authentication, startup: false, activationEvent: 'onAuthenticationRequest:github'
2023-11-10 09:51:40.549 [info] ExtensionService#_doActivateExtension vscode.microsoft-authentication, startup: false, activationEvent: 'onAuthenticationRequest:microsoft'
2023-11-10 09:51:42.697 [info] ExtensionService#_doActivateExtension vscode.json-language-features, startup: false, activationEvent: 'onLanguage:jsonc'
2023-11-10 09:51:42.718 [info] ExtensionService#_doActivateExtension vscode.typescript-language-features, startup: false, activationEvent: 'onLanguage:jsonc'
2023-11-10 09:51:42.750 [info] ExtensionService#_doActivateExtension vscode.emmet, startup: false, activationEvent: 'onLanguage'
2023-11-10 09:51:43.783 [info] Extension host with pid 37379 exiting with code 0
2023-11-10 09:52:30.860 [info] Extension host terminating: renderer closed the MessagePort
2023-11-10 09:52:31.654 [info] Extension host with pid 37801 started
2023-11-10 09:52:31.654 [info] Skipping acquiring lock for /home/pranavanand/.config/Code/User/workspaceStorage/ee4174a4b7adb5aa8d2e8382fd59bdf7.
2023-11-10 09:52:31.749 [info] ExtensionService#_doActivateExtension vscode.git-base, startup: true, activationEvent: '*'
2023-11-10 09:52:31.752 [info] ExtensionService#_doActivateExtension vscode.github-authentication, startup: false, activationEvent: 'onAuthenticationRequest:github'
2023-11-10 09:52:31.797 [info] ExtensionService#_doActivateExtension vscode.github, startup: true, activationEvent: '*'
2023-11-10 09:52:31.809 [info] Eager extensions activated
2023-11-10 09:52:31.845 [info] ExtensionService#_doActivateExtension vscode.debug-auto-launch, startup: false, activationEvent: 'onStartupFinished'
2023-11-10 09:52:31.846 [info] ExtensionService#_doActivateExtension vscode.merge-conflict, startup: false, activationEvent: 'onStartupFinished'
2023-11-10 09:52:31.858 [info] ExtensionService#_doActivateExtension vscode.microsoft-authentication, startup: false, activationEvent: 'onAuthenticationRequest:microsoft'
2023-11-10 09:52:35.315 [info] ExtensionService#_doActivateExtension vscode.git, startup: false, activationEvent: 'api', root cause: vscode.github
2023-11-10 09:52:35.351 [info] ExtensionService#_doActivateExtension amazonwebservices.aws-toolkit-vscode, startup: false, activationEvent: 'onStartupFinished'
2023-11-10 09:52:35.875 [info] Extension host with pid 37503 exiting with code 0
2023-11-10 09:52:36.503 [info] ExtensionService#_doActivateExtension vscode.typescript-language-features, startup: false, activationEvent: 'onLanguage:javascript'
2023-11-10 09:52:36.528 [info] ExtensionService#_doActivateExtension vscode.emmet, startup: false, activationEvent: 'onLanguage'
2023-11-10 09:52:36.922 [info] ExtensionService#_doActivateExtension vscode.json-language-features, startup: false, activationEvent: 'onLanguage:jsonc'
2023-11-10 09:52:45.730 [info] ExtensionService#_doActivateExtension ms-azuretools.vscode-docker, startup: false, activationEvent: 'onView:dockerContainers'
2023-11-10 09:53:20.646 [info] ExtensionService#_doActivateExtension vscode.debug-server-ready, startup: false, activationEvent: 'onDebugResolve'
2023-11-10 09:54:29.103 [info] ExtensionService#_doActivateExtension ms-vscode.js-debug, startup: false, activationEvent: 'onDebugResolve:node'
2023-11-10 15:02:00.800 [info] Extension host terminating: renderer closed the MessagePort
2023-11-10 15:02:05.836 [info] Extension host with pid 37801 exiting with code 0
