2023-11-10 09:50:16.084 [info] Reading sessions from keychain...
2023-11-10 09:50:16.085 [info] Getting sessions for all scopes...
2023-11-10 09:50:16.086 [info] Getting sessions for user:email...
2023-11-10 09:50:16.105 [info] Got 0 sessions for ...
2023-11-10 09:50:16.105 [info] Got 0 sessions for user:email...
2023-11-10 09:50:16.112 [info] Getting sessions for all scopes...
2023-11-10 09:50:16.112 [info] Got 0 sessions for ...
2023-11-10 09:50:16.170 [info] Getting sessions for all scopes...
2023-11-10 09:50:16.170 [info] Got 0 sessions for ...
2023-11-10 09:51:40.548 [info] Reading sessions from keychain...
2023-11-10 09:51:40.548 [info] Getting sessions for all scopes...
2023-11-10 09:51:40.548 [info] Getting sessions for user:email...
2023-11-10 09:51:40.548 [info] Got 0 sessions for ...
2023-11-10 09:51:40.548 [info] Got 0 sessions for user:email...
2023-11-10 09:51:40.548 [info] Getting sessions for all scopes...
2023-11-10 09:51:40.548 [info] Got 0 sessions for ...
2023-11-10 09:51:40.609 [info] Getting sessions for all scopes...
2023-11-10 09:51:40.609 [info] Got 0 sessions for ...
2023-11-10 09:52:31.809 [info] Reading sessions from keychain...
2023-11-10 09:52:31.809 [info] Getting sessions for all scopes...
2023-11-10 09:52:31.809 [info] Getting sessions for user:email...
2023-11-10 09:52:31.809 [info] Got 0 sessions for ...
2023-11-10 09:52:31.809 [info] Got 0 sessions for user:email...
2023-11-10 09:52:31.945 [info] Getting sessions for all scopes...
2023-11-10 09:52:31.945 [info] Got 0 sessions for ...
