2023-11-06 08:05:50.121 [info] Added views:workbench.panel.markers.view in workbench.panel.markers
2023-11-06 08:05:50.121 [info] Added views:workbench.panel.output in workbench.panel.output
2023-11-06 08:05:50.121 [info] Added views:terminal in terminal
2023-11-06 08:05:50.121 [info] Added views:outline in workbench.view.explorer
2023-11-06 08:05:50.121 [info] Added views:workbench.scm in workbench.view.scm
2023-11-06 08:05:50.121 [info] Added views:workbench.view.search in workbench.view.search
2023-11-06 08:05:50.121 [info] Added views:timeline in workbench.view.explorer
2023-11-06 08:05:50.121 [info] Added views:workbench.explorer.fileView in workbench.view.explorer
2023-11-06 08:05:50.484 [info] Added views:dockerContainers,dockerImages,dockerRegistries,dockerNetworks,dockerVolumes,vscode-docker.views.dockerContexts,vscode-docker.views.help in workbench.view.extension.dockerView
2023-11-06 08:05:50.578 [info] Added views:workbench.debug.variablesView,workbench.debug.watchExpressionsView,workbench.debug.callStackView,workbench.debug.breakPointsView in workbench.view.debug
2023-11-06 08:05:50.593 [info] Added views:workbench.panel.repl.view in workbench.panel.repl
2023-11-06 08:05:50.594 [info] Removed views:workbench.debug.breakPointsView,workbench.debug.callStackView,workbench.debug.watchExpressionsView,workbench.debug.variablesView from workbench.view.debug
2023-11-06 08:05:50.594 [info] Added views:workbench.debug.welcome in workbench.view.debug
2023-11-06 08:05:50.694 [info] Added views:~remote.forwardedPorts in ~remote.forwardedPortsContainer
2023-11-06 09:14:13.988 [info] Added views:aws.explorer,aws.developerTools in workbench.view.extension.aws-explorer
2023-11-06 09:14:13.988 [info] Added views:aws.codeWhisperer.referenceLog in workbench.view.extension.aws-codewhisperer-reference-log
2023-11-06 09:14:13.990 [info] Added views:thunder-client-sidebar in workbench.view.extension.thunder-client
2023-11-06 09:14:24.151 [info] Added views:workbench.views.extensions.installed,workbench.views.extensions.popular,extensions.recommendedList in workbench.view.extensions
2023-11-06 09:14:24.154 [info] Removed views:workbench.views.extensions.popular from workbench.view.extensions
2023-11-06 09:14:27.773 [info] Removed views:extensions.recommendedList,workbench.views.extensions.installed from workbench.view.extensions
2023-11-06 09:14:27.784 [info] Added views:workbench.views.extensions.marketplace in workbench.view.extensions
2023-11-06 09:14:29.296 [info] Removed views:workbench.views.extensions.marketplace from workbench.view.extensions
2023-11-06 09:14:29.314 [info] Added views:workbench.views.extensions.installed,extensions.recommendedList in workbench.view.extensions
