2023-11-10 09:50:15.433 [info] Added views:workbench.panel.markers.view in workbench.panel.markers
2023-11-10 09:50:15.433 [info] Added views:workbench.panel.output in workbench.panel.output
2023-11-10 09:50:15.433 [info] Added views:terminal in terminal
2023-11-10 09:50:15.433 [info] Added views:outline in workbench.view.explorer
2023-11-10 09:50:15.433 [info] Added views:workbench.scm in workbench.view.scm
2023-11-10 09:50:15.433 [info] Added views:workbench.view.search in workbench.view.search
2023-11-10 09:50:15.433 [info] Added views:timeline in workbench.view.explorer
2023-11-10 09:50:15.433 [info] Added views:workbench.explorer.fileView in workbench.view.explorer
2023-11-10 09:50:15.564 [info] Added views:workbench.debug.welcome in workbench.view.debug
2023-11-10 09:50:15.722 [info] Added views:aws.explorer,aws.developerTools in workbench.view.extension.aws-explorer
2023-11-10 09:50:15.722 [info] Added views:aws.codeWhisperer.referenceLog in workbench.view.extension.aws-codewhisperer-reference-log
2023-11-10 09:50:15.723 [info] Added views:dockerContainers,dockerImages,dockerRegistries,dockerNetworks,dockerVolumes,vscode-docker.views.dockerContexts,vscode-docker.views.help in workbench.view.extension.dockerView
2023-11-10 09:50:15.723 [info] Added views:thunder-client-sidebar in workbench.view.extension.thunder-client
2023-11-10 09:50:15.876 [info] Added views:workbench.panel.repl.view in workbench.panel.repl
2023-11-10 09:50:16.039 [info] Added views:~remote.forwardedPorts in ~remote.forwardedPortsContainer
2023-11-10 09:51:39.207 [info] Added views:workbench.panel.markers.view in workbench.panel.markers
2023-11-10 09:51:39.207 [info] Added views:workbench.panel.output in workbench.panel.output
2023-11-10 09:51:39.207 [info] Added views:terminal in terminal
2023-11-10 09:51:39.207 [info] Added views:outline in workbench.view.explorer
2023-11-10 09:51:39.207 [info] Added views:workbench.scm in workbench.view.scm
2023-11-10 09:51:39.207 [info] Added views:workbench.view.search in workbench.view.search
2023-11-10 09:51:39.207 [info] Added views:timeline in workbench.view.explorer
2023-11-10 09:51:39.207 [info] Added views:workbench.explorer.emptyView in workbench.view.explorer
2023-11-10 09:51:39.435 [info] Added views:aws.explorer,aws.developerTools in workbench.view.extension.aws-explorer
2023-11-10 09:51:39.435 [info] Added views:aws.codeWhisperer.referenceLog in workbench.view.extension.aws-codewhisperer-reference-log
2023-11-10 09:51:39.436 [info] Added views:dockerContainers,dockerImages,dockerRegistries,dockerNetworks,dockerVolumes,vscode-docker.views.dockerContexts,vscode-docker.views.help in workbench.view.extension.dockerView
2023-11-10 09:51:39.436 [info] Added views:thunder-client-sidebar in workbench.view.extension.thunder-client
2023-11-10 09:51:39.583 [info] Added views:workbench.debug.variablesView,workbench.debug.watchExpressionsView,workbench.debug.callStackView,workbench.debug.breakPointsView in workbench.view.debug
2023-11-10 09:51:39.597 [info] Added views:workbench.panel.repl.view in workbench.panel.repl
2023-11-10 09:51:39.598 [info] Removed views:workbench.debug.breakPointsView,workbench.debug.callStackView,workbench.debug.watchExpressionsView,workbench.debug.variablesView from workbench.view.debug
2023-11-10 09:51:39.598 [info] Added views:workbench.debug.welcome in workbench.view.debug
2023-11-10 09:51:39.749 [info] Added views:~remote.forwardedPorts in ~remote.forwardedPortsContainer
2023-11-10 09:52:31.240 [info] Added views:workbench.panel.markers.view in workbench.panel.markers
2023-11-10 09:52:31.240 [info] Added views:workbench.panel.output in workbench.panel.output
2023-11-10 09:52:31.240 [info] Added views:terminal in terminal
2023-11-10 09:52:31.240 [info] Added views:outline in workbench.view.explorer
2023-11-10 09:52:31.240 [info] Added views:workbench.scm in workbench.view.scm
2023-11-10 09:52:31.240 [info] Added views:workbench.view.search in workbench.view.search
2023-11-10 09:52:31.240 [info] Added views:timeline in workbench.view.explorer
2023-11-10 09:52:31.240 [info] Added views:workbench.explorer.fileView in workbench.view.explorer
2023-11-10 09:52:31.387 [info] Added views:dockerContainers,dockerImages,dockerRegistries,dockerNetworks,dockerVolumes,vscode-docker.views.dockerContexts,vscode-docker.views.help in workbench.view.extension.dockerView
2023-11-10 09:52:31.498 [info] Added views:workbench.debug.variablesView,workbench.debug.watchExpressionsView,workbench.debug.callStackView,workbench.debug.breakPointsView in workbench.view.debug
2023-11-10 09:52:31.691 [info] Added views:~remote.forwardedPorts in ~remote.forwardedPortsContainer
2023-11-10 09:52:31.747 [info] Added views:workbench.panel.repl.view in workbench.panel.repl
2023-11-10 09:52:31.748 [info] Removed views:workbench.debug.breakPointsView,workbench.debug.callStackView,workbench.debug.watchExpressionsView,workbench.debug.variablesView from workbench.view.debug
2023-11-10 09:52:31.748 [info] Added views:workbench.debug.welcome in workbench.view.debug
2023-11-10 09:52:35.280 [info] Added views:aws.explorer,aws.developerTools in workbench.view.extension.aws-explorer
2023-11-10 09:52:35.280 [info] Added views:aws.codeWhisperer.referenceLog in workbench.view.extension.aws-codewhisperer-reference-log
2023-11-10 09:52:35.281 [info] Added views:thunder-client-sidebar in workbench.view.extension.thunder-client
2023-11-10 09:52:44.445 [info] Added views:workbench.views.extensions.installed,workbench.views.extensions.popular,extensions.recommendedList in workbench.view.extensions
2023-11-10 09:52:44.448 [info] Removed views:workbench.views.extensions.popular from workbench.view.extensions
2023-11-10 09:52:57.281 [info] Removed views:workbench.debug.welcome from workbench.view.debug
2023-11-10 09:52:57.282 [info] Added views:workbench.debug.variablesView,workbench.debug.watchExpressionsView,workbench.debug.callStackView,workbench.debug.breakPointsView in workbench.view.debug
2023-11-10 09:54:29.413 [info] Added views:workbench.debug.loadedScriptsView in workbench.view.debug
2023-11-10 09:54:30.764 [info] Removed views:workbench.debug.loadedScriptsView from workbench.view.debug
2023-11-10 09:55:15.079 [info] Added views:workbench.debug.loadedScriptsView in workbench.view.debug
2023-11-10 09:55:16.385 [info] Removed views:workbench.debug.loadedScriptsView from workbench.view.debug
2023-11-10 09:55:46.664 [info] Added views:workbench.debug.loadedScriptsView in workbench.view.debug
2023-11-10 09:55:48.022 [info] Removed views:workbench.debug.loadedScriptsView from workbench.view.debug
