[53922][1699886800287][main][info]["Booting Postman 10.18.10, linux-6.1.51-1-lts on x64"]
[53922][1699886800290][main][info]["EventBus~initialize - Success"]
[53922][1699886800291][main][info]["Proxy configuration has not been setup"]
[53922][1699886800292][main][info]["CloudProxyManager~init - Success"]
[53922][1699886800295][main][info]["performShellDataMigration: Starting shell data migration"]
[53922][1699886800295][main][info]["migrateShellData:Starting"]
[53922][1699886800306][main][info]["migrateShellData: Old storage cleaned up"]
[53922][1699886802671][main][info]["migrateShellData: Got data from shell. Writing to storage"]
[53922][1699886802679][main][info]["performShellDataMigration: Migration successful on try count 1"]
[53922][1699886802684][main][info]["UpdateHandler~init - Success"]
[53922][1699886802686][main][info]["LeaderSelection: Initialized successfully"]
[53922][1699886802687][main][info]["VersionDependencyService: Initialized successfully"]
[53922][1699886802693][main][info]["Generated root certificate for linux"]
[53922][1699886802695][main][info]["LinuxAutoUpdater~Cleanup - Initial cleanup successful"]
[53922][1699886802706][main][info]["GPU detected VID 4098 DID 5688 ACTIVE true"]
[53922][1699886802707][main][info]["GPU detected VID 4098 DID 29504 ACTIVE false"]
[53922][1699886802751][main][info]["shellController~init: Success"]
[53922][1699886802754][main][info]["shellMeta~init: Success"]
[53922][1699886802754][main][info]["partitionMigrationService: State of V7 partition:"]
[53922][1699886802755][main][info]["partitionMigrationService: V7 partitions",[]]
[53922][1699886802755][main][info]["partitionMigrationService~rectifyNamespaceOfScratchPadPartition: There is no partition with scratchpad namespace"]
[53922][1699886802755][main][info]["partitionMigrationService~rectifyNamespaceOfScratchPadPartition: There is no transit partition which could have been used for scratchpad"]
[53922][1699886802755][main][info]["partitionMigrationService~init: Success"]
[53922][1699886802760][main][info]["proxyCertificateService~ensureRootCAPresence: Deleting and creating new certificates"]
[53922][1699886802763][main][info]["partitionMigrationService~runV8PartitionsIntegrity: Two way migration~ removing the following partitions from v8",[]]
[53922][1699886802766][main][info]["userPartitionService~_rectifyTheActivePartitionOfApplication: Setting the active partition to ",null]
[53922][1699886802776][main][info]["userPartitionService~init: Success"]
[53922][1699886802799][main][info]["userPartitionService: State of v8 partition system:"]
[53922][1699886802801][main][info]["shell~init~getPartitionToLoad: loading scratchpad partition"]
[53922][1699886802802][main][info]["userPartitionService: List of partitions:",[]]
[53922][1699886802802][main][info]["userPartitionService: users global meta:",{}]
[53922][1699886804547][main][info]["RuntimeIPCAgent~started: Success"]
[53922][1699886805206][main][info]["Main~scratchpadThemeAction:: action: set, value: dark"]
[53922][1699886805208][main][info]["Main~scratchpadThemeAction:: action: set, value: dark"]
[53922][1699886805208][main][info]["Main~scratchpadThemeAction:: action: set, value: dark"]
[53922][1699886805227][main][info]["UpdateHandler~app-update-events - Received event",{"name":"checkForElectronVersionUpdated","namespace":"appUpdate"}]
[53922][1699886805233][main][info]["windowManager: First requester booted successfully."]
[53922][1699886805234][main][info]["windowManager~restoreWindows: Restoring requester windows"]
[53922][1699886805234][main][info]["Main~AppEvents - Received booted event for process requester.Version undefined UI Version: undefined Desktop Platform Version: 10.18.10"]
[53922][1699886816283][main][info]["UpdateHandler~app-update-events - Received event",{"name":"updateElectron","namespace":"appUpdate","data":{"channel":"stable","version":"10.18.10","downloadVersion":"10.20.0","appId":"e87e9372-86e8-4a47-a42d-9145679d39c3","userAgent":"Mozilla/5.0 (X11; Linux x86_64) AppleWebKit/537.36 (KHTML, like Gecko) Postman/10.18.10 Chrome/100.0.4896.160 Electron/18.3.5 Safari/537.36","platform":"LINUX","arch":"64","downloadURL":"https://dl.pstmn.io/download/version/10.20.0/linux_64","updateServerDomain":"https://dl.pstmn.io/","additionalParamsString":"installationId=e87e9372-86e8-4a47-a42d-9145679d39c3&userId=0&syncEnabled=false&teamPlan=&teamId=0","userId":"0"}}]
[53922][1699886816284][main][info]["LinuxUpdater~downloadUpdate - UpdateInfo received",{"channel":"stable","version":"10.18.10","downloadVersion":"10.20.0","appId":"e87e9372-86e8-4a47-a42d-9145679d39c3","userAgent":"Mozilla/5.0 (X11; Linux x86_64) AppleWebKit/537.36 (KHTML, like Gecko) Postman/10.18.10 Chrome/100.0.4896.160 Electron/18.3.5 Safari/537.36","platform":"LINUX","arch":"64","downloadURL":"https://dl.pstmn.io/download/version/10.20.0/linux_64","updateServerDomain":"https://dl.pstmn.io/","additionalParamsString":"installationId=e87e9372-86e8-4a47-a42d-9145679d39c3&userId=0&syncEnabled=false&teamPlan=&teamId=0","userId":"0"}]
[53922][1699886816940][main][info]["@postman/app-updater: error",{"errno":-13,"code":"EACCES","syscall":"open","path":"/opt/postman/Postman-1699886816285.tar.gz","name":"Error","message":"EACCES: permission denied, open '/opt/postman/Postman-1699886816285.tar.gz'","stack":"Error: EACCES: permission denied, open '/opt/postman/Postman-1699886816285.tar.gz'"},{"packageName":"Postman","eID":"Postman-1699886816285","downloadURL":"https://dl.pstmn.io/download/version/10.20.0/linux_64","downloadDirectory":"/opt/postman","downloadInfo":{"status":"DOWNLOAD_ERROR","error":{"errno":-13,"code":"EACCES","syscall":"open","path":"/opt/postman/Postman-1699886816285.tar.gz"},"downloadDirectory":"/opt/postman"}}]
[53922][1699886816940][main][info]["UpdateHandler~app-update-events - Received event",{"name":"electronAppUpdateError","namespace":"appUpdate","data":{"error":{"errno":-13,"code":"EACCES","syscall":"open","path":"/opt/postman/Postman-1699886816285.tar.gz","name":"Error","message":"EACCES: permission denied, open '/opt/postman/Postman-1699886816285.tar.gz'","stack":"Error: EACCES: permission denied, open '/opt/postman/Postman-1699886816285.tar.gz'"},"updateData":{"packageName":"Postman","eID":"Postman-1699886816285","downloadURL":"https://dl.pstmn.io/download/version/10.20.0/linux_64","downloadDirectory":"/opt/postman","downloadInfo":{"status":"DOWNLOAD_ERROR","error":{"errno":-13,"code":"EACCES","syscall":"open","path":"/opt/postman/Postman-1699886816285.tar.gz"},"downloadDirectory":"/opt/postman"}}}}]
[53922][1699886817687][main][info]["VersionDependencyService: Resetting UI version as user logged out/switched account"]
[53922][1699886817688][main][info]["Main - model-events~user - (users, add) received"]
[53922][1699886817998][main][warn]["AuthHandler~open: Current app is not default protocol client - Falling back to polling mechanism."]
[53922][1699886836263][main][info]["Shell~init~loginUser: associating the user ","15243563"," with transit partition"]
[53922][1699886836264][main][info]["userPartitionService~getNewPartitionId: creating a partition with userId and teamId as 0"]
[53922][1699886836286][main][info]["userPartitionService~associateTransitPartition: ",{"partitionId":"c03f787a-63a9-49ce-b574-fbe1890feb2a","context":{"namespace":"users","userId":"15243563","teamId":"0"}}]
[53922][1699886836305][main][info]["userPartitionService: State of v8 partition system:"]
[53922][1699886836309][main][info]["userPartitionService: List of partitions:",[{"partitionId":"c03f787a-63a9-49ce-b574-fbe1890feb2a","namespace":"users","userId":"15243563","teamId":"0","lastUpdated":"2023-11-13T14:47:16.286Z"},{"partitionId":"09ecb0d8-4224-4480-af88-14f0f30f1ce2","namespace":"scratchPad","userId":0,"teamId":0,"isDirty":false}]]
[53922][1699886836309][main][info]["userPartitionService: users global meta:",{}]
[53922][1699886840404][main][info]["Main~getRemoteInitPath:: "]
[53922][1699886840617][main][info]["Main - model-events~user - (user, update) received"]
[53922][1699886840617][main][info]["Main~reload: https://desktop.postman.com/?desktopVersion=10.18.10&userId=15243563&teamId=0"]
[53922][1699886840865][main][info]["UpdateHandler~app-update-events - Received event",{"name":"checkForElectronVersionUpdated","namespace":"appUpdate"}]
[53922][1699886840877][main][info]["windowManager: First requester booted successfully."]
[53922][1699886840877][main][info]["windowManager~restoreWindows: Restoring requester windows"]
[53922][1699886840877][main][info]["Main~AppEvents - Received booted event for process requester.Version 10.18.11 UI Version: 10.18.11-ui-231003-1330 Desktop Platform Version: 10.18.10"]
[53922][1699886840969][main][info]["Main~getRemoteInitPath:: "]
[53922][1699886843007][main][info]["Main~getRemoteInitPath:: "]
[53922][1699886843283][main][info]["Main - model-events~user - (user, update) received"]
[53922][1699886843567][main][info]["UpdateHandler~app-update-events - Received event",{"name":"checkForElectronVersionUpdated","namespace":"appUpdate"}]
[53922][1699886843578][main][info]["Main~AppEvents - Received booted event for process requester.Version 10.18.11 UI Version: 10.18.11-ui-231003-1330 Desktop Platform Version: 10.18.10"]
[53922][1699886843632][main][info]["Main~getRemoteInitPath:: "]
[53922][1699886844006][main][info]["INTERCEPTOR CONNECTIVITY: Attempting to start websocket server on port 15611"]
[53922][1699886844491][main][info]["Main~getPlatformLaunchPerfMetrics"]
[53922][1699886846896][main][info]["Main - model-events~user - (user, bootstrapUser) received"]
[53922][1699886846896][main][info]["model-events~user - bootstrapUser received"]
[53922][1699886846910][main][info]["userPartitionService~associateTransitPartition: ",{"partitionId":"c03f787a-63a9-49ce-b574-fbe1890feb2a","context":{"namespace":"users","userId":"15243563","teamId":"0"}}]
[53922][1699886846929][main][info]["userPartitionService: State of v8 partition system:"]
[53922][1699886846932][main][info]["userPartitionService: List of partitions:",[{"partitionId":"c03f787a-63a9-49ce-b574-fbe1890feb2a","namespace":"users","userId":"15243563","teamId":"0","lastUpdated":"2023-11-13T14:47:26.910Z"},{"partitionId":"09ecb0d8-4224-4480-af88-14f0f30f1ce2","namespace":"scratchPad","userId":0,"teamId":0,"isDirty":false}]]
[53922][1699886846932][main][info]["userPartitionService: users global meta:",{}]
[53922][1699886847278][main][info]["Main - model-events~user - (user, bootstrapUser) received"]
[53922][1699886847278][main][info]["model-events~user - bootstrapUser received"]
[53922][1699886847293][main][info]["userPartitionService~associateTransitPartition: ",{"partitionId":"c03f787a-63a9-49ce-b574-fbe1890feb2a","context":{"namespace":"users","userId":"15243563","teamId":"0"}}]
[53922][1699886847316][main][info]["userPartitionService: State of v8 partition system:"]
[53922][1699886847320][main][info]["userPartitionService: List of partitions:",[{"partitionId":"c03f787a-63a9-49ce-b574-fbe1890feb2a","namespace":"users","userId":"15243563","teamId":"0","lastUpdated":"2023-11-13T14:47:27.293Z"},{"partitionId":"09ecb0d8-4224-4480-af88-14f0f30f1ce2","namespace":"scratchPad","userId":0,"teamId":0,"isDirty":false}]]
[53922][1699886847320][main][info]["userPartitionService: users global meta:",{}]
[53922][1699886854676][main][info]["UpdateHandler~app-update-events - Received event",{"name":"updateElectron","namespace":"appUpdate","data":{"channel":"stable","version":"10.18.10","downloadVersion":"10.20.0","appId":"e87e9372-86e8-4a47-a42d-9145679d39c3","userAgent":"Mozilla/5.0 (X11; Linux x86_64) AppleWebKit/537.36 (KHTML, like Gecko) Postman/10.18.10 Chrome/100.0.4896.160 Electron/18.3.5 Safari/537.36","platform":"LINUX","arch":"64","downloadURL":"https://dl.pstmn.io/download/version/10.20.0/linux_64","updateServerDomain":"https://dl.pstmn.io/","additionalParamsString":"installationId=e87e9372-86e8-4a47-a42d-9145679d39c3&userId=15243563&syncEnabled=true&teamPlan=&teamId=0","userId":"15243563"}}]
[53922][1699886854677][main][info]["LinuxUpdater~downloadUpdate - UpdateInfo received",{"channel":"stable","version":"10.18.10","downloadVersion":"10.20.0","appId":"e87e9372-86e8-4a47-a42d-9145679d39c3","userAgent":"Mozilla/5.0 (X11; Linux x86_64) AppleWebKit/537.36 (KHTML, like Gecko) Postman/10.18.10 Chrome/100.0.4896.160 Electron/18.3.5 Safari/537.36","platform":"LINUX","arch":"64","downloadURL":"https://dl.pstmn.io/download/version/10.20.0/linux_64","updateServerDomain":"https://dl.pstmn.io/","additionalParamsString":"installationId=e87e9372-86e8-4a47-a42d-9145679d39c3&userId=15243563&syncEnabled=true&teamPlan=&teamId=0","userId":"15243563"}]
[53922][1699886855580][main][info]["@postman/app-updater: error",{"errno":-13,"code":"EACCES","syscall":"open","path":"/opt/postman/Postman-1699886854677.tar.gz","name":"Error","message":"EACCES: permission denied, open '/opt/postman/Postman-1699886854677.tar.gz'","stack":"Error: EACCES: permission denied, open '/opt/postman/Postman-1699886854677.tar.gz'"},{"packageName":"Postman","eID":"Postman-1699886854677","downloadURL":"https://dl.pstmn.io/download/version/10.20.0/linux_64","downloadDirectory":"/opt/postman","downloadInfo":{"status":"DOWNLOAD_ERROR","error":{"errno":-13,"code":"EACCES","syscall":"open","path":"/opt/postman/Postman-1699886854677.tar.gz"},"downloadDirectory":"/opt/postman"}}]
[53922][1699886855581][main][info]["UpdateHandler~app-update-events - Received event",{"name":"electronAppUpdateError","namespace":"appUpdate","data":{"error":{"errno":-13,"code":"EACCES","syscall":"open","path":"/opt/postman/Postman-1699886854677.tar.gz","name":"Error","message":"EACCES: permission denied, open '/opt/postman/Postman-1699886854677.tar.gz'","stack":"Error: EACCES: permission denied, open '/opt/postman/Postman-1699886854677.tar.gz'"},"updateData":{"packageName":"Postman","eID":"Postman-1699886854677","downloadURL":"https://dl.pstmn.io/download/version/10.20.0/linux_64","downloadDirectory":"/opt/postman","downloadInfo":{"status":"DOWNLOAD_ERROR","error":{"errno":-13,"code":"EACCES","syscall":"open","path":"/opt/postman/Postman-1699886854677.tar.gz"},"downloadDirectory":"/opt/postman"}}}}]
[53922][1699892012681][main][info]["WindowManager~closeHandler - Closed Window (id: 4 )"]
[53922][1699892012697][main][error]["Main~handleUncaughtError - Uncaught errors",{"name":"TypeError","message":"Cannot read properties of undefined (reading 'send')","stack":"TypeError: Cannot read properties of undefined (reading 'send')\n    at Object.sendMessageToInterceptor (/opt/postman/app/resources/app/services/websocketServer.js:144:10)\n    at Object.requesterWindowHandler (/opt/postman/app/resources/app/services/websocketServer.js:389:14)\n    at EventEmitter.emit (node:events:402:35)\n    at EventEmitter.emit (node:domain:475:12)\n    at _dispatch (/opt/postman/app/resources/app/common/_event-bus.js:256:14)\n    at EventBus._publish (/opt/postman/app/resources/app/common/_event-bus.js:207:9)\n    at Object.closedHandler (/opt/postman/app/resources/app/services/windowManager.js:1062:18)\n    at BrowserWindow.emit (node:events:390:28)\n    at BrowserWindow.emit (node:domain:475:12)"}]
