2023-11-13 00:20:19.013 [info] Log level: Info
2023-11-13 00:20:19.013 [info] Validating found git in: "git"
2023-11-13 00:20:19.013 [info] Using git "2.42.0" from "git"
2023-11-13 00:20:19.013 [info] > git rev-parse --show-toplevel [9ms]
2023-11-13 00:20:19.013 [info] fatal: not a git repository (or any of the parent directories): .git
2023-11-13 00:20:19.014 [info] > git rev-parse --show-toplevel [1ms]
2023-11-13 00:20:19.014 [info] fatal: not a git repository (or any of the parent directories): .git
2023-11-13 00:20:19.042 [info] > git rev-parse --show-toplevel [9ms]
2023-11-13 00:20:19.042 [info] fatal: not a git repository (or any of the parent directories): .git
2023-11-13 00:20:19.076 [info] > git rev-parse --show-toplevel [11ms]
2023-11-13 00:20:19.076 [info] fatal: not a git repository (or any of the parent directories): .git
2023-11-13 00:20:19.137 [info] > git rev-parse --show-toplevel [26ms]
2023-11-13 00:20:19.137 [info] fatal: not a git repository (or any of the parent directories): .git
2023-11-13 00:20:19.174 [info] > git rev-parse --show-toplevel [17ms]
2023-11-13 00:20:19.174 [info] fatal: not a git repository (or any of the parent directories): .git
2023-11-13 00:20:19.380 [info] > git rev-parse --show-toplevel [2ms]
2023-11-13 00:20:19.380 [info] fatal: not a git repository (or any of the parent directories): .git
2023-11-13 00:20:19.506 [info] > git rev-parse --show-toplevel [2ms]
2023-11-13 00:20:19.506 [info] fatal: not a git repository (or any of the parent directories): .git
2023-11-13 00:20:19.637 [info] > git rev-parse --show-toplevel [27ms]
2023-11-13 00:20:19.637 [info] fatal: not a git repository (or any of the parent directories): .git
2023-11-13 00:20:19.670 [info] > git rev-parse --show-toplevel [7ms]
2023-11-13 00:20:19.670 [info] fatal: not a git repository (or any of the parent directories): .git
2023-11-13 00:20:19.789 [info] > git rev-parse --show-toplevel [2ms]
2023-11-13 00:20:19.789 [info] fatal: not a git repository (or any of the parent directories): .git
2023-11-13 00:20:21.515 [info] > git rev-parse --show-toplevel [1ms]
2023-11-13 00:20:21.516 [info] fatal: not a git repository (or any of the parent directories): .git
2023-11-13 00:20:21.568 [info] > git rev-parse --show-toplevel [5ms]
2023-11-13 00:20:21.568 [info] fatal: not a git repository (or any of the parent directories): .git
2023-11-13 00:28:03.264 [info] > git rev-parse --show-toplevel [5ms]
2023-11-13 00:28:03.273 [info] fatal: not a git repository (or any of the parent directories): .git
2023-11-13 00:28:39.715 [info] > git rev-parse --show-toplevel [1ms]
2023-11-13 00:28:39.715 [info] fatal: not a git repository (or any of the parent directories): .git
2023-11-13 00:29:43.485 [info] > git rev-parse --show-toplevel [3ms]
2023-11-13 00:29:43.485 [info] fatal: not a git repository (or any of the parent directories): .git
