2023-11-06 02:20:53 Loading main app package /usr/lib/obsidian/obsidian.asar
2023-11-06 02:20:53 Checking for update using Github
2023-11-06 02:20:54 Success.
2023-11-06 02:20:54 Latest version is 1.4.16
2023-11-06 02:20:54 Downloading update from https://github.com/obsidianmd/obsidian-releases/releases/download/v1.4.16/obsidian-1.4.16.asar.gz
2023-11-06 02:20:57 Verifying hash & signature. Size= 8394471
2023-11-06 02:20:57 Saving file
2023-11-06 02:20:57 Update complete.
2023-11-06 04:03:27 Checking for update using Github
2023-11-06 04:03:27 Success.
2023-11-06 04:03:27 Latest version is 1.4.16
2023-11-06 04:03:27 An update is already downloaded.
2023-11-06 06:06:18 Loading updated app package /home/pranavanand/.config/obsidian/obsidian-1.4.16.asar
2023-11-06 06:06:19 Checking for update using Github
2023-11-06 06:06:19 Success.
2023-11-06 06:06:19 Latest version is 1.4.16
2023-11-06 06:06:19 App is up to date.
2023-11-08 00:21:01 Loading updated app package /home/pranavanand/.config/obsidian/obsidian-1.4.16.asar
2023-11-08 00:21:02 Checking for update using Github
2023-11-08 00:21:02 Success.
2023-11-08 00:21:02 Latest version is 1.4.16
2023-11-08 00:21:02 App is up to date.
2023-11-08 01:21:01 Checking for update using Github
2023-11-08 01:21:02 Success.
2023-11-08 01:21:02 Latest version is 1.4.16
2023-11-08 01:21:02 App is up to date.
2023-11-08 14:41:41 Loading updated app package /home/pranavanand/.config/obsidian/obsidian-1.4.16.asar
2023-11-08 14:41:41 Checking for update using Github
2023-11-08 14:41:41 Success.
2023-11-08 14:41:41 Latest version is 1.4.16
2023-11-08 14:41:41 App is up to date.
2023-11-08 22:54:34 Loading updated app package /home/pranavanand/.config/obsidian/obsidian-1.4.16.asar
2023-11-08 22:54:34 Checking for update using Github
2023-11-08 22:54:34 Success.
2023-11-08 22:54:34 Latest version is 1.4.16
2023-11-08 22:54:34 App is up to date.
2023-11-10 03:58:27 Loading updated app package /home/pranavanand/.config/obsidian/obsidian-1.4.16.asar
2023-11-10 03:58:27 Checking for update using Github
2023-11-10 03:58:27 Success.
2023-11-10 03:58:27 Latest version is 1.4.16
2023-11-10 03:58:27 App is up to date.
2023-11-10 05:16:36 Checking for update using Github
2023-11-10 05:16:37 Success.
2023-11-10 05:16:37 Latest version is 1.4.16
2023-11-10 05:16:37 App is up to date.
2023-11-10 09:38:19 Loading updated app package /home/pranavanand/.config/obsidian/obsidian-1.4.16.asar
2023-11-10 09:38:19 Checking for update using Github
2023-11-10 09:38:19 Success.
2023-11-10 09:38:19 Latest version is 1.4.16
2023-11-10 09:38:19 App is up to date.
2023-11-12 18:35:20 Loading updated app package /home/pranavanand/.config/obsidian/obsidian-1.4.16.asar
2023-11-12 18:35:20 Checking for update using Github
2023-11-12 18:35:21 Success.
2023-11-12 18:35:21 Latest version is 1.4.16
2023-11-12 18:35:21 App is up to date.
2023-11-12 20:12:55 Loading updated app package /home/pranavanand/.config/obsidian/obsidian-1.4.16.asar
2023-11-12 20:12:55 Checking for update using Github
2023-11-12 20:29:32 Loading updated app package /home/pranavanand/.config/obsidian/obsidian-1.4.16.asar
2023-11-12 20:29:33 Checking for update using Github
2023-11-12 20:29:33 Success.
2023-11-12 20:29:33 Latest version is 1.4.16
2023-11-12 20:29:33 App is up to date.
2023-11-13 07:00:44 Checking for update using Github
2023-11-13 07:00:46 Success.
2023-11-13 07:00:46 Latest version is 1.4.16
2023-11-13 07:00:46 App is up to date.
2023-11-13 08:00:45 Checking for update using Github
2023-11-13 08:00:45 Success.
2023-11-13 08:00:45 Latest version is 1.4.16
2023-11-13 08:00:45 App is up to date.
2023-11-13 09:26:54 Checking for update using Github
2023-11-13 09:26:54 Success.
2023-11-13 09:26:54 Latest version is 1.4.16
2023-11-13 09:26:54 App is up to date.
2023-11-13 10:26:54 Checking for update using Github
2023-11-13 10:26:54 Success.
2023-11-13 10:26:54 Latest version is 1.4.16
2023-11-13 10:26:54 App is up to date.
2023-11-13 11:26:54 Checking for update using Github
2023-11-13 11:26:54 Success.
2023-11-13 11:26:54 Latest version is 1.4.16
2023-11-13 11:26:54 App is up to date.
2023-11-13 12:26:54 Checking for update using Github
2023-11-13 12:26:54 Success.
2023-11-13 12:26:54 Latest version is 1.4.16
2023-11-13 12:26:54 App is up to date.
2023-11-13 13:26:54 Checking for update using Github
2023-11-13 13:26:54 Success.
2023-11-13 13:26:54 Latest version is 1.4.16
2023-11-13 13:26:54 App is up to date.
2023-11-13 14:44:03 Checking for update using Github
2023-11-13 14:44:03 Success.
2023-11-13 14:44:03 Latest version is 1.4.16
2023-11-13 14:44:03 App is up to date.
2023-11-13 15:44:03 Checking for update using Github
2023-11-13 15:44:03 Success.
2023-11-13 15:44:03 Latest version is 1.4.16
2023-11-13 15:44:03 App is up to date.
2023-11-13 17:17:44 Checking for update using Github
2023-11-13 17:17:45 Success.
2023-11-13 17:17:45 Latest version is 1.4.16
2023-11-13 17:17:45 App is up to date.
2023-11-13 18:17:45 Checking for update using Github
2023-11-13 18:17:45 Success.
2023-11-13 18:17:45 Latest version is 1.4.16
2023-11-13 18:17:45 App is up to date.
2023-11-13 19:17:45 Checking for update using Github
2023-11-13 19:17:45 Success.
2023-11-13 19:17:45 Latest version is 1.4.16
2023-11-13 19:17:45 App is up to date.
2023-11-13 20:17:45 Checking for update using Github
2023-11-13 20:17:45 Failed to check for update using Github (net::ERR_CERT_COMMON_NAME_INVALID)
2023-11-13 20:17:45 Checking for update using obsidian.md
2023-11-13 20:17:45 Failed to check for update using obsidian.md (net::ERR_CERT_COMMON_NAME_INVALID)
2023-11-14 04:04:57 Loading updated app package /home/pranavanand/.config/obsidian/obsidian-1.4.16.asar
2023-11-14 04:04:57 Checking for update using Github
2023-11-14 04:05:01 Success.
2023-11-14 04:05:01 Latest version is 1.4.16
2023-11-14 04:05:01 App is up to date.
2023-11-14 05:04:57 Checking for update using Github
2023-11-14 05:04:57 Success.
2023-11-14 05:04:57 Latest version is 1.4.16
2023-11-14 05:04:57 App is up to date.
2023-11-14 06:04:57 Checking for update using Github
2023-11-14 06:04:57 Success.
2023-11-14 06:04:57 Latest version is 1.4.16
2023-11-14 06:04:57 App is up to date.
2023-11-14 07:04:57 Checking for update using Github
2023-11-14 07:04:57 Success.
2023-11-14 07:04:57 Latest version is 1.4.16
2023-11-14 07:04:57 App is up to date.
2023-11-14 17:27:05 Checking for update using Github
2023-11-14 17:27:05 Success.
2023-11-14 17:27:05 Latest version is 1.4.16
2023-11-14 17:27:05 App is up to date.
2023-11-14 18:27:06 Checking for update using Github
2023-11-14 18:27:06 Success.
2023-11-14 18:27:06 Latest version is 1.4.16
2023-11-14 18:27:06 App is up to date.
2023-11-14 19:27:06 Checking for update using Github
2023-11-14 19:27:07 Success.
2023-11-14 19:27:07 Latest version is 1.4.16
2023-11-14 19:27:07 App is up to date.
2023-11-15 04:12:04 Checking for update using Github
2023-11-15 04:12:05 Success.
2023-11-15 04:12:05 Latest version is 1.4.16
2023-11-15 04:12:05 App is up to date.
2023-11-15 05:12:04 Checking for update using Github
2023-11-15 05:12:04 Success.
2023-11-15 05:12:04 Latest version is 1.4.16
2023-11-15 05:12:04 App is up to date.
2023-11-15 05:17:22 Loading updated app package /home/pranavanand/.config/obsidian/obsidian-1.4.16.asar
2023-11-15 05:17:22 Checking for update using Github
2023-11-15 05:17:22 Success.
2023-11-15 05:17:22 Latest version is 1.4.16
2023-11-15 05:17:22 App is up to date.
2023-11-15 06:17:22 Checking for update using Github
2023-11-15 06:17:22 Success.
2023-11-15 06:17:22 Latest version is 1.4.16
2023-11-15 06:17:22 App is up to date.
2023-11-15 08:21:33 Checking for update using Github
2023-11-15 08:21:34 Success.
2023-11-15 08:21:34 Latest version is 1.4.16
2023-11-15 08:21:34 App is up to date.
2023-11-18 04:42:43 Loading updated app package /home/pranavanand/.config/obsidian/obsidian-1.4.16.asar
2023-11-18 04:42:43 Checking for update using Github
2023-11-18 04:42:43 Success.
2023-11-18 04:42:43 Latest version is 1.4.16
2023-11-18 04:42:43 App is up to date.
2023-11-18 05:42:43 Checking for update using Github
2023-11-18 05:42:43 Success.
2023-11-18 05:42:43 Latest version is 1.4.16
2023-11-18 05:42:43 App is up to date.
2023-11-18 06:42:43 Checking for update using Github
2023-11-18 06:42:43 Success.
2023-11-18 06:42:43 Latest version is 1.4.16
2023-11-18 06:42:43 App is up to date.
2023-11-19 05:11:51 Loading updated app package /home/pranavanand/.config/obsidian/obsidian-1.4.16.asar
2023-11-19 05:11:51 Checking for update using Github
2023-11-21 06:56:52 Loading updated app package /home/pranavanand/.config/obsidian/obsidian-1.4.16.asar
2023-11-21 06:56:52 Checking for update using Github
2023-11-21 06:56:52 Success.
2023-11-21 06:56:52 Latest version is 1.4.16
2023-11-21 06:56:52 App is up to date.
2023-11-21 18:01:14 Checking for update using Github
2023-11-21 19:09:20 Loading updated app package /home/pranavanand/.config/obsidian/obsidian-1.4.16.asar
2023-11-21 19:09:20 Checking for update using Github
2023-11-21 19:09:20 Success.
2023-11-21 19:09:20 Latest version is 1.4.16
2023-11-21 19:09:20 App is up to date.
2023-11-21 19:09:27 Loading updated app package /home/pranavanand/.config/obsidian/obsidian-1.4.16.asar
2023-11-21 19:09:27 Checking for update using Github
2023-11-21 19:09:27 Success.
2023-11-21 19:09:27 Latest version is 1.4.16
2023-11-21 19:09:27 App is up to date.
2023-11-21 20:09:27 Checking for update using Github
2023-11-21 20:09:27 Success.
2023-11-21 20:09:27 Latest version is 1.4.16
2023-11-21 20:09:27 App is up to date.
2023-11-21 20:54:00 Loading updated app package /home/pranavanand/.config/obsidian/obsidian-1.4.16.asar
2023-11-21 20:54:00 Checking for update using Github
2023-11-21 20:54:01 Success.
2023-11-21 20:54:01 Latest version is 1.4.16
2023-11-21 20:54:01 App is up to date.
2023-11-22 05:03:14 Checking for update using Github
2023-11-22 05:03:15 Success.
2023-11-22 05:03:15 Latest version is 1.4.16
2023-11-22 05:03:15 App is up to date.
2023-11-22 06:03:14 Checking for update using Github
2023-11-22 06:03:14 Success.
2023-11-22 06:03:14 Latest version is 1.4.16
2023-11-22 06:03:14 App is up to date.
2023-11-22 09:53:06 Checking for update using Github
2023-11-22 09:53:07 Success.
2023-11-22 09:53:07 Latest version is 1.4.16
2023-11-22 09:53:07 App is up to date.
2023-11-22 10:53:06 Checking for update using Github
2023-11-22 10:53:07 Success.
2023-11-22 10:53:07 Latest version is 1.4.16
2023-11-22 10:53:07 App is up to date.
2023-11-22 11:53:06 Checking for update using Github
2023-11-22 11:53:07 Success.
2023-11-22 11:53:07 Latest version is 1.4.16
2023-11-22 11:53:07 App is up to date.
2023-11-22 13:37:50 Checking for update using Github
2023-11-22 13:37:50 Success.
2023-11-22 13:37:50 Latest version is 1.4.16
2023-11-22 13:37:50 App is up to date.
2023-11-22 14:37:50 Checking for update using Github
2023-11-22 14:37:50 Success.
2023-11-22 14:37:50 Latest version is 1.4.16
2023-11-22 14:37:50 App is up to date.
2023-11-22 17:44:09 Checking for update using Github
2023-11-23 01:25:39 Loading updated app package /home/pranavanand/.config/obsidian/obsidian-1.4.16.asar
2023-11-23 01:25:39 Checking for update using Github
2023-11-23 01:25:39 Success.
2023-11-23 01:25:39 Latest version is 1.4.16
2023-11-23 01:25:39 App is up to date.
2023-11-23 01:29:09 Loading updated app package /home/pranavanand/.config/obsidian/obsidian-1.4.16.asar
2023-11-23 01:29:09 Checking for update using Github
2023-11-23 01:29:09 Success.
2023-11-23 01:29:09 Latest version is 1.4.16
2023-11-23 01:29:09 App is up to date.
2023-11-23 01:29:26 Loading updated app package /home/pranavanand/.config/obsidian/obsidian-1.4.16.asar
2023-11-23 01:29:26 Checking for update using Github
2023-11-23 01:29:26 Success.
2023-11-23 01:29:26 Latest version is 1.4.16
2023-11-23 01:29:26 App is up to date.
