2023-11-13 00:20:18 [INFO]: log level: info
2023-11-13 00:20:18 [INFO]: endpoints: retrieving AWS endpoints data
2023-11-13 00:20:18 [INFO]: OS: Linux x64 6.1.51-1-lts
2023-11-13 00:20:18 [INFO]: Visual Studio Code extension host:  1.82.0
2023-11-13 00:20:18 [INFO]: AWS Toolkit:  1.98.0
2023-11-13 00:20:18 [INFO]: node: 18.15.0
2023-11-13 00:20:18 [INFO]: electron: 25.8.0
2023-11-13 00:20:18 [WARN]: AwsContext: no default region in credentials profile, falling back to us-east-1: 
2023-11-13 00:20:22 [WARN]: AwsContext: no default region in credentials profile, falling back to us-east-1: profile:Nthusiast
2023-11-13 00:25:21 [INFO]: telemetry: sent batch (size=20)
2023-11-13 00:25:22 [INFO]: telemetry: sent batch (size=4)
2023-11-13 00:28:38 [INFO]: CloudFormationTemplateRegistry: building with: Watching **/*.{yaml,yml}, Untitled Files, Excluding /.*devfile\.(yaml|yml)/i, /.*[/\\]\.aws-sam([/\\].*|$)/
2023-11-13 00:28:38 [INFO]: CloudFormationTemplateRegistry: processed 0 items
2023-11-13 00:28:39 [INFO]: SAM CLI location (version: 1.97.0): /usr/local/bin/sam
2023-11-13 00:28:39 [INFO]: Preparing to debug locally: Lambda "index.handler"
2023-11-13 00:28:39 [INFO]: Building SAM application...
2023-11-13 00:28:39 [INFO]: SAM CLI not configured, using SAM found at: '/usr/local/bin/sam'
2023-11-13 00:28:39 [INFO]: Command: (not started) [/usr/local/bin/sam build --build-dir /tmp/aws-toolkit-vscode/vsctksyplDj/output --template /tmp/aws-toolkit-vscode/vsctksyplDj/app___vsctk___template.yaml --base-dir /home/pranavanand/Projects/Nthusiast/API/GmailService]
2023-11-13 00:28:42 [INFO]: Build complete.
2023-11-13 00:28:42 [INFO]: Starting SAM application locally
2023-11-13 00:28:42 [INFO]: SAM CLI not configured, using SAM found at: '/usr/local/bin/sam'
2023-11-13 00:28:42 [INFO]: AWS.running.command
2023-11-13 00:28:42 [INFO]: Command: (not started) [/usr/local/bin/sam local invoke GmailService --template /tmp/aws-toolkit-vscode/vsctksyplDj/output/template.yaml -d 5858]
2023-11-13 00:29:43 [INFO]: Waiting for SAM application to start...
2023-11-13 00:29:43 [INFO]: Attaching debugger to SAM application...
2023-11-13 00:29:43 [INFO]: Debugger attached
2023-11-13 00:30:24 [INFO]: telemetry: sent batch (size=5)
